
/home/runner/work/exp-one-way-anova-iitb/exp-one-way-anova-iitb/experiment/simulation/common_libraries/js/ts_components/collapse_step.js
   1:10  warning  'show_step' is defined but never used                 no-unused-vars
   2:5   warning  '$' is not defined                                    no-undef
   3:9   warning  '$' is not defined                                    no-undef
   6:10  warning  'hide_step' is defined but never used                 no-unused-vars
   7:5   warning  '$' is not defined                                    no-undef
   8:9   warning  '$' is not defined                                    no-undef
  11:10  warning  'get_collapse_btn_text' is defined but never used     no-unused-vars
  20:10  warning  'get_collapse_btn_element' is defined but never used  no-unused-vars
  29:10  warning  'hide_all_steps' is defined but never used            no-unused-vars
  31:9   warning  '$' is not defined                                    no-undef

/home/runner/work/exp-one-way-anova-iitb/exp-one-way-anova-iitb/experiment/simulation/common_libraries/js/ts_components/matrix.js
   27:26  warning  'MathJax' is not defined                                no-undef
   32:7   warning  'Matrix_Without_String' is defined but never used       no-unused-vars
   52:26  warning  'MathJax' is not defined                                no-undef
   56:10  warning  'get_matrix_html' is defined but never used             no-unused-vars
   87:13  warning  'row_html' is assigned a value but never used           no-unused-vars
   99:10  warning  'get_matrix_html_with_title' is defined but never used  no-unused-vars
  131:13  warning  'row_html' is assigned a value but never used           no-unused-vars
  143:10  warning  'convert_2d_to_1d_vector' is defined but never used     no-unused-vars
  156:10  warning  'convert_1d_to_2d_matrix' is defined but never used     no-unused-vars

/home/runner/work/exp-one-way-anova-iitb/exp-one-way-anova-iitb/experiment/simulation/common_libraries/js/ts_components/pannel.js
  8:7  warning  'Pannel' is defined but never used  no-unused-vars

/home/runner/work/exp-one-way-anova-iitb/exp-one-way-anova-iitb/experiment/simulation/common_libraries/js/ts_components/questions.js
   6:17  warning  'op1' is assigned a value but never used      no-unused-vars
   7:17  warning  'op2' is assigned a value but never used      no-unused-vars
   8:17  warning  'op3' is assigned a value but never used      no-unused-vars
   9:17  warning  'op4' is assigned a value but never used      no-unused-vars
  94:7   warning  'Question_Options' is defined but never used  no-unused-vars

/home/runner/work/exp-one-way-anova-iitb/exp-one-way-anova-iitb/experiment/simulation/common_libraries/js/ts_components/tables.js
   19:22  warning  'verify_values' is not defined                                     no-undef
  137:22  warning  'verify_values' is not defined                                     no-undef
  260:7   warning  'Verify_Rows_Cols_6_decimal_places' is defined but never used      no-unused-vars
  311:22  warning  'verify_values' is not defined                                     no-undef
  416:7   warning  'Verify_Rows_Cols_Custom_Fixed_Update1' is defined but never used  no-unused-vars
  468:7   warning  'Show_Table_Custom_Fixed' is defined but never used                no-unused-vars
  506:7   warning  'Verify_Rows_Cols_Strings' is defined but never used               no-unused-vars
  527:22  warning  'verify_values' is not defined                                     no-undef
  663:7   warning  'Display_Table' is defined but never used                          no-unused-vars

/home/runner/work/exp-one-way-anova-iitb/exp-one-way-anova-iitb/experiment/simulation/common_libraries/js/ts_math_library/general_math_functions.js
    1:10  warning  'verify_values' is defined but never used                   no-unused-vars
   17:10  warning  'random1' is defined but never used                         no-unused-vars
   21:10  warning  'std_deviation' is defined but never used                   no-unused-vars
   26:10  warning  'gauss' is defined but never used                           no-unused-vars
   56:10  warning  'hide_panel' is defined but never used                      no-unused-vars
   63:10  warning  'inverse_matrix' is defined but never used                  no-unused-vars
   96:10  warning  'matrix_multiplication' is defined but never used           no-unused-vars
  113:10  warning  'transpose_matrix' is defined but never used                no-unused-vars
  123:10  warning  'matrix_multiplication_8decimal' is defined but never used  no-unused-vars
  140:10  warning  'adjoint_2x2_matrix' is defined but never used              no-unused-vars
  145:10  warning  'find_deteminant' is defined but never used                 no-unused-vars
  174:10  warning  'get_Submatrix' is defined but never used                   no-unused-vars

/home/runner/work/exp-one-way-anova-iitb/exp-one-way-anova-iitb/experiment/simulation/common_libraries/js/ts_math_library/regression.js
   1:10  warning  'regression_linear' is defined but never used            no-unused-vars
  18:10  warning  'regression_linear_1variable' is defined but never used  no-unused-vars
  27:10  warning  'regression_linear_2variable' is defined but never used  no-unused-vars
  52:11  warning  'gauss' is not defined                                   no-undef

/home/runner/work/exp-one-way-anova-iitb/exp-one-way-anova-iitb/experiment/simulation/common_libraries/math.ob.js
  1:745  warning  'b' is already defined  no-redeclare

/home/runner/work/exp-one-way-anova-iitb/exp-one-way-anova-iitb/experiment/simulation/js/activity1.js
   20:10  warning  'start_act1' is defined but never used     no-unused-vars
   23:20  warning  'get_collapse_btn_text' is not defined     no-undef
   31:22  warning  'n' is not defined                         no-undef
   34:22  warning  'k' is not defined                         no-undef
   43:22  warning  'MathJax' is not defined                   no-undef
   44:5   warning  'hide_all_steps' is not defined            no-undef
   46:9   warning  'show_step' is not defined                 no-undef
   51:5   warning  'mu1' is not defined                       no-undef
   52:5   warning  'mu2' is not defined                       no-undef
   53:5   warning  'mu3' is not defined                       no-undef
   54:5   warning  'mu4' is not defined                       no-undef
   55:5   warning  'mu5' is not defined                       no-undef
   61:5   warning  'sum_mu1_mu1_bar_sq' is not defined        no-undef
   62:5   warning  'sum_mu2_mu2_bar_sq' is not defined        no-undef
   63:5   warning  'sum_mu3_mu3_bar_sq' is not defined        no-undef
   64:5   warning  'sum_mu4_mu4_bar_sq' is not defined        no-undef
   65:5   warning  'sum_mu5_mu5_bar_sq' is not defined        no-undef
   66:5   warning  'act1_table_data' is not defined           no-undef
   67:5   warning  'act1_table_data2' is not defined          no-undef
   68:12  warning  'mu1' is not defined                       no-undef
   68:25  warning  'n' is not defined                         no-undef
   70:13  warning  'mu1' is not defined                       no-undef
   71:13  warning  'mu1' is not defined                       no-undef
   75:12  warning  'mu2' is not defined                       no-undef
   75:25  warning  'n' is not defined                         no-undef
   77:13  warning  'mu2' is not defined                       no-undef
   78:13  warning  'mu2' is not defined                       no-undef
   82:12  warning  'mu3' is not defined                       no-undef
   82:25  warning  'n' is not defined                         no-undef
   84:13  warning  'mu3' is not defined                       no-undef
   85:13  warning  'mu3' is not defined                       no-undef
   89:12  warning  'mu4' is not defined                       no-undef
   89:25  warning  'n' is not defined                         no-undef
   91:13  warning  'mu4' is not defined                       no-undef
   92:13  warning  'mu4' is not defined                       no-undef
   96:12  warning  'mu5' is not defined                       no-undef
   96:25  warning  'n' is not defined                         no-undef
   98:13  warning  'mu5' is not defined                       no-undef
   99:13  warning  'mu5' is not defined                       no-undef
  103:25  warning  'n' is not defined                         no-undef
  105:18  warning  'mu1' is not defined                       no-undef
  106:18  warning  'mu2' is not defined                       no-undef
  107:18  warning  'mu3' is not defined                       no-undef
  108:18  warning  'mu4' is not defined                       no-undef
  109:18  warning  'mu5' is not defined                       no-undef
  110:9   warning  'act1_table_data' is not defined           no-undef
  112:5   warning  'mu1_bar' is not defined                   no-undef
  112:41  warning  'n' is not defined                         no-undef
  113:5   warning  'mu2_bar' is not defined                   no-undef
  113:41  warning  'n' is not defined                         no-undef
  114:5   warning  'mu3_bar' is not defined                   no-undef
  114:41  warning  'n' is not defined                         no-undef
  115:5   warning  'mu4_bar' is not defined                   no-undef
  115:41  warning  'n' is not defined                         no-undef
  116:5   warning  'mu5_bar' is not defined                   no-undef
  116:41  warning  'n' is not defined                         no-undef
  117:25  warning  'n' is not defined                         no-undef
  118:33  warning  'mu1' is not defined                       no-undef
  118:42  warning  'mu1_bar' is not defined                   no-undef
  119:33  warning  'mu2' is not defined                       no-undef
  119:42  warning  'mu2_bar' is not defined                   no-undef
  120:33  warning  'mu3' is not defined                       no-undef
  120:42  warning  'mu3_bar' is not defined                   no-undef
  121:33  warning  'mu4' is not defined                       no-undef
  121:42  warning  'mu4_bar' is not defined                   no-undef
  122:33  warning  'mu5' is not defined                       no-undef
  122:42  warning  'mu5_bar' is not defined                   no-undef
  123:9   warning  'sum_mu1_mu1_bar_sq' is not defined        no-undef
  124:9   warning  'sum_mu2_mu2_bar_sq' is not defined        no-undef
  125:9   warning  'sum_mu3_mu3_bar_sq' is not defined        no-undef
  126:9   warning  'sum_mu4_mu4_bar_sq' is not defined        no-undef
  127:9   warning  'sum_mu5_mu5_bar_sq' is not defined        no-undef
  129:5   warning  'sum_mu1_mu1_bar_sq' is not defined        no-undef
  129:37  warning  'sum_mu1_mu1_bar_sq' is not defined        no-undef
  130:5   warning  'sum_mu2_mu2_bar_sq' is not defined        no-undef
  130:37  warning  'sum_mu2_mu2_bar_sq' is not defined        no-undef
  131:5   warning  'sum_mu3_mu3_bar_sq' is not defined        no-undef
  131:37  warning  'sum_mu3_mu3_bar_sq' is not defined        no-undef
  132:5   warning  'sum_mu4_mu4_bar_sq' is not defined        no-undef
  132:37  warning  'sum_mu4_mu4_bar_sq' is not defined        no-undef
  133:5   warning  'sum_mu5_mu5_bar_sq' is not defined        no-undef
  133:37  warning  'sum_mu5_mu5_bar_sq' is not defined        no-undef
  134:5   warning  'S1_sq' is not defined                     no-undef
  134:25  warning  'sum_mu1_mu1_bar_sq' is not defined        no-undef
  134:46  warning  'n' is not defined                         no-undef
  135:5   warning  'S2_sq' is not defined                     no-undef
  135:25  warning  'sum_mu2_mu2_bar_sq' is not defined        no-undef
  135:46  warning  'n' is not defined                         no-undef
  136:5   warning  'S3_sq' is not defined                     no-undef
  136:25  warning  'sum_mu3_mu3_bar_sq' is not defined        no-undef
  136:46  warning  'n' is not defined                         no-undef
  137:5   warning  'S4_sq' is not defined                     no-undef
  137:25  warning  'sum_mu4_mu4_bar_sq' is not defined        no-undef
  137:46  warning  'n' is not defined                         no-undef
  138:5   warning  'S5_sq' is not defined                     no-undef
  138:25  warning  'sum_mu5_mu5_bar_sq' is not defined        no-undef
  138:46  warning  'n' is not defined                         no-undef
  139:17  warning  'mu1_bar' is not defined                   no-undef
  139:26  warning  'mu2_bar' is not defined                   no-undef
  139:35  warning  'mu3_bar' is not defined                   no-undef
  139:44  warning  'mu4_bar' is not defined                   no-undef
  139:53  warning  'mu5_bar' is not defined                   no-undef
  140:17  warning  'S1_sq' is not defined                     no-undef
  140:24  warning  'S2_sq' is not defined                     no-undef
  140:31  warning  'S3_sq' is not defined                     no-undef
  140:38  warning  'S4_sq' is not defined                     no-undef
  140:45  warning  'S5_sq' is not defined                     no-undef
  141:5   warning  'act1_table_data2' is not defined          no-undef
  153:20  warning  'Show_Table' is not defined                no-undef
  153:39  warning  'act1_table_data' is not defined           no-undef
  190:97  warning  'act1_table_data2' is not defined          no-undef
  213:96  warning  'act1_table_data2' is not defined          no-undef
  234:10  warning  'verify_values' is not defined             no-undef
  234:55  warning  'mu1_bar' is not defined                   no-undef
  243:10  warning  'verify_values' is not defined             no-undef
  243:55  warning  'mu2_bar' is not defined                   no-undef
  252:10  warning  'verify_values' is not defined             no-undef
  252:55  warning  'mu3_bar' is not defined                   no-undef
  261:10  warning  'verify_values' is not defined             no-undef
  261:55  warning  'mu4_bar' is not defined                   no-undef
  270:10  warning  'verify_values' is not defined             no-undef
  270:55  warning  'mu5_bar' is not defined                   no-undef
  287:10  warning  'verify_values' is not defined             no-undef
  287:55  warning  'S1_sq' is not defined                     no-undef
  296:10  warning  'verify_values' is not defined             no-undef
  296:55  warning  'S2_sq' is not defined                     no-undef
  305:10  warning  'verify_values' is not defined             no-undef
  305:55  warning  'S3_sq' is not defined                     no-undef
  314:10  warning  'verify_values' is not defined             no-undef
  314:55  warning  'S4_sq' is not defined                     no-undef
  323:10  warning  'verify_values' is not defined             no-undef
  323:55  warning  'S5_sq' is not defined                     no-undef
  334:10  warning  'verify_table2' is defined but never used  no-unused-vars
  335:17  warning  'mu1_bar' is not defined                   no-undef
  335:26  warning  'mu2_bar' is not defined                   no-undef
  335:35  warning  'mu3_bar' is not defined                   no-undef
  335:44  warning  'mu4_bar' is not defined                   no-undef
  335:53  warning  'mu5_bar' is not defined                   no-undef
  336:17  warning  'S1_sq' is not defined                     no-undef
  336:24  warning  'S2_sq' is not defined                     no-undef
  336:31  warning  'S3_sq' is not defined                     no-undef
  336:38  warning  'S4_sq' is not defined                     no-undef
  336:45  warning  'S5_sq' is not defined                     no-undef
  340:39  warning  'activity1_p1' is not defined              no-undef

/home/runner/work/exp-one-way-anova-iitb/exp-one-way-anova-iitb/experiment/simulation/js/activity1_p1.js
    1:10   warning  'activity1_p1' is defined but never used   no-unused-vars
    5:19   warning  'get_collapse_btn_text' is not defined     no-undef
    6:5    warning  'maindiv' is not defined                   no-undef
   30:22   warning  'MathJax' is not defined                   no-undef
   31:5    warning  'hide_all_steps' is not defined            no-undef
   33:9    warning  'show_step' is not defined                 no-undef
   37:5    warning  'Se_sq' is not defined                     no-undef
   38:5    warning  'Sy_sq' is not defined                     no-undef
   39:5    warning  'n_Sy_sq' is not defined                   no-undef
   40:5    warning  'mu_bar' is not defined                    no-undef
   41:5    warning  'F' is not defined                         no-undef
   42:5    warning  'F_alpha' is not defined                   no-undef
   43:29   warning  'S1_sq' is not defined                     no-undef
   43:37   warning  'S2_sq' is not defined                     no-undef
   43:45   warning  'S3_sq' is not defined                     no-undef
   43:53   warning  'S4_sq' is not defined                     no-undef
   43:61   warning  'S5_sq' is not defined                     no-undef
   44:5    warning  'Se_sq' is not defined                     no-undef
   44:33   warning  'k' is not defined                         no-undef
   45:5    warning  'mu_bar' is not defined                    no-undef
   45:26   warning  'mu1_bar' is not defined                   no-undef
   45:36   warning  'k' is not defined                         no-undef
   46:9    warning  'mu2_bar' is not defined                   no-undef
   46:19   warning  'k' is not defined                         no-undef
   47:9    warning  'mu3_bar' is not defined                   no-undef
   47:19   warning  'k' is not defined                         no-undef
   48:9    warning  'mu4_bar' is not defined                   no-undef
   48:19   warning  'k' is not defined                         no-undef
   49:9    warning  'mu5_bar' is not defined                   no-undef
   49:19   warning  'k' is not defined                         no-undef
   50:41   warning  'mu1_bar' is not defined                   no-undef
   50:51   warning  'mu_bar' is not defined                    no-undef
   51:19   warning  'mu2_bar' is not defined                   no-undef
   51:29   warning  'mu_bar' is not defined                    no-undef
   52:19   warning  'mu3_bar' is not defined                   no-undef
   52:29   warning  'mu_bar' is not defined                    no-undef
   53:19   warning  'mu4_bar' is not defined                   no-undef
   53:29   warning  'mu_bar' is not defined                    no-undef
   54:19   warning  'mu5_bar' is not defined                   no-undef
   54:29   warning  'mu_bar' is not defined                    no-undef
   55:5    warning  'Sy_sq' is not defined                     no-undef
   55:36   warning  'k' is not defined                         no-undef
   56:5    warning  'n_Sy_sq' is not defined                   no-undef
   56:27   warning  'n' is not defined                         no-undef
   56:31   warning  'Sy_sq' is not defined                     no-undef
   57:5    warning  'F' is not defined                         no-undef
   57:21   warning  'n_Sy_sq' is not defined                   no-undef
   57:31   warning  'Se_sq' is not defined                     no-undef
   58:5    warning  'F_alpha' is not defined                   no-undef
   62:13   warning  'df2' is not defined                       no-undef
   71:16   warning  'f_table_pt_05' is not defined             no-undef
   71:37   warning  'df1' is not defined                       no-undef
   76:24   warning  'f_table_pt_05' is not defined             no-undef
   76:42   warning  'df1' is not defined                       no-undef
   78:24   warning  'f_table_pt_05' is not defined             no-undef
   78:42   warning  'df1' is not defined                       no-undef
   80:24   warning  'f_table_pt_05' is not defined             no-undef
   80:42   warning  'df1' is not defined                       no-undef
   88:14   warning  'f_table_pt_05' is not defined             no-undef
   88:32   warning  'df1' is not defined                       no-undef
   89:14   warning  'f_table_pt_05' is not defined             no-undef
   89:32   warning  'df1' is not defined                       no-undef
   94:14   warning  'f_table_pt_05' is not defined             no-undef
   94:32   warning  'df1' is not defined                       no-undef
   95:14   warning  'f_table_pt_05' is not defined             no-undef
   95:32   warning  'df1' is not defined                       no-undef
  100:14   warning  'f_table_pt_05' is not defined             no-undef
  100:32   warning  'df1' is not defined                       no-undef
  101:14   warning  'f_table_pt_05' is not defined             no-undef
  101:32   warning  'df1' is not defined                       no-undef
  108:10   warning  'verify_mu_bar' is defined but never used  no-unused-vars
  110:17   warning  'mu_bar' is not defined                    no-undef
  111:10   warning  'verify_values' is not defined             no-undef
  111:47   warning  'mu_bar' is not defined                    no-undef
  126:51   warning  'mu_bar' is not defined                    no-undef
  159:22   warning  'MathJax' is not defined                   no-undef
  161:10   warning  'verify_se_sy' is defined but never used   no-unused-vars
  164:17   warning  'Se_sq' is not defined                     no-undef
  164:24   warning  'Sy_sq' is not defined                     no-undef
  165:10   warning  'verify_values' is not defined             no-undef
  165:50   warning  'Se_sq' is not defined                     no-undef
  174:10   warning  'verify_values' is not defined             no-undef
  174:50   warning  'Sy_sq' is not defined                     no-undef
  191:195  warning  'Se_sq' is not defined                     no-undef
  197:98   warning  'Sy_sq' is not defined                     no-undef
  202:22   warning  'MathJax' is not defined                   no-undef

/home/runner/work/exp-one-way-anova-iitb/exp-one-way-anova-iitb/experiment/simulation/js/activity1_p2.js
   1:10   warning  'activity1_p2' is defined but never used   no-unused-vars
   4:19   warning  'get_collapse_btn_text' is not defined     no-undef
   5:5    warning  'maindiv' is not defined                   no-undef
  27:22   warning  'MathJax' is not defined                   no-undef
  28:5    warning  'hide_all_steps' is not defined            no-undef
  30:9    warning  'show_step' is not defined                 no-undef
  33:10   warning  'verify_n_sy' is defined but never used    no-unused-vars
  35:17   warning  'n_Sy_sq' is not defined                   no-undef
  36:10   warning  'verify_values' is not defined             no-undef
  36:47   warning  'n_Sy_sq' is not defined                   no-undef
  49:139  warning  'n_Sy_sq' is not defined                   no-undef
  53:22   warning  'MathJax' is not defined                   no-undef
  55:10   warning  'a1_load_f_div' is defined but never used  no-unused-vars
  73:22   warning  'MathJax' is not defined                   no-undef
  75:10   warning  'verify_f' is defined but never used       no-unused-vars
  77:17   warning  'F' is not defined                         no-undef
  78:10   warning  'verify_values' is not defined             no-undef
  78:49   warning  'F' is not defined                         no-undef
  92:242  warning  'F' is not defined                         no-undef
  95:22   warning  'MathJax' is not defined                   no-undef

/home/runner/work/exp-one-way-anova-iitb/exp-one-way-anova-iitb/experiment/simulation/js/activity1_p3.js
   1:10  warning  'activity1_p3' is defined but never used    no-unused-vars
   4:19  warning  'get_collapse_btn_text' is not defined      no-undef
   5:5   warning  'maindiv' is not defined                    no-undef
  14:16  warning  Unnecessary escape character: \α            no-useless-escape
  14:23  warning  'alpha' is not defined                      no-undef
  30:22  warning  'MathJax' is not defined                    no-undef
  54:19  warning  'Display_Table' is not defined              no-undef
  54:41  warning  'f_table_data' is not defined               no-undef
  56:5   warning  'hide_all_steps' is not defined             no-undef
  58:9   warning  'show_step' is not defined                  no-undef
  61:10  warning  'verify_f_alpha' is defined but never used  no-unused-vars
  63:17  warning  'F_alpha' is not defined                    no-undef
  64:10  warning  'verify_values' is not defined              no-undef
  64:47  warning  'F_alpha' is not defined                    no-undef
  79:16  warning  Unnecessary escape character: \α            no-useless-escape
  79:23  warning  'alpha' is not defined                      no-undef
  82:43  warning  'F_alpha' is not defined                    no-undef
  88:22  warning  'MathJax' is not defined                    no-undef

/home/runner/work/exp-one-way-anova-iitb/exp-one-way-anova-iitb/experiment/simulation/js/activity1_p4.js
   1:10  warning  'activity1_p4' is defined but never used     no-unused-vars
   4:19  warning  'get_collapse_btn_text' is not defined       no-undef
   5:5   warning  'maindiv' is not defined                     no-undef
  10:22  warning  'F' is not defined                           no-undef
  13:43  warning  'F_alpha' is not defined                     no-undef
  40:22  warning  'MathJax' is not defined                     no-undef
  41:5   warning  'hide_all_steps' is not defined              no-undef
  43:9   warning  'show_step' is not defined                   no-undef
  48:9   warning  'F' is not defined                           no-undef
  48:13  warning  'F_alpha' is not defined                     no-undef
  49:9   warning  'hypo_test_reject_op_a1' is not defined      no-undef
  52:9   warning  'hypo_test_reject_op_a1' is not defined      no-undef
  55:10  warning  'a1_vf_null_hypo' is defined but never used  no-unused-vars
  59:9   warning  'hypo_test_reject_op_a1' is not defined      no-undef
  62:14  warning  'hypo_test_reject_op_a1' is not defined      no-undef
  65:25  warning  'hypo_test_reject_op_a1' is not defined      no-undef

/home/runner/work/exp-one-way-anova-iitb/exp-one-way-anova-iitb/experiment/simulation/js/activity2.js
    1:10   warning  'activity2' is defined but never used         no-unused-vars
    4:5    warning  'maindiv' is not defined                      no-undef
   17:5    warning  'hide_all_steps' is not defined               no-undef
   19:10   warning  'start_act2' is defined but never used        no-unused-vars
   22:20   warning  'get_collapse_btn_text' is not defined        no-undef
   23:5    warning  'maindiv' is not defined                      no-undef
   30:20   warning  'n_a2' is not defined                         no-undef
   33:20   warning  'n_a2' is not defined                         no-undef
   36:20   warning  'n_a2' is not defined                         no-undef
   41:20   warning  'n_a2' is not defined                         no-undef
   44:20   warning  'n_a2' is not defined                         no-undef
   47:19   warning  'k' is not defined                            no-undef
   54:22   warning  'MathJax' is not defined                      no-undef
   56:9    warning  'show_step' is not defined                    no-undef
   61:5    warning  'mu_a2' is not defined                        no-undef
   62:5    warning  'mu_bar_a2' is not defined                    no-undef
   63:5    warning  'N' is not defined                            no-undef
   64:5    warning  'SSb' is not defined                          no-undef
   65:5    warning  'SSw' is not defined                          no-undef
   66:5    warning  'SSt' is not defined                          no-undef
   67:5    warning  'F_a2' is not defined                         no-undef
   68:5    warning  'a2_table_data1' is not defined               no-undef
   69:25   warning  'k' is not defined                            no-undef
   72:29   warning  'n_a2' is not defined                         no-undef
   79:9    warning  'sum_mu' is not defined                       no-undef
   80:9    warning  'bar_mu' is not defined                       no-undef
   80:33   warning  'sum_mu' is not defined                       no-undef
   80:45   warning  'n_a2' is not defined                         no-undef
   81:9    warning  'mu_a2' is not defined                        no-undef
   82:9    warning  'mu_bar_a2' is not defined                    no-undef
   82:22   warning  'bar_mu' is not defined                       no-undef
   82:34   warning  'k' is not defined                            no-undef
   84:5    warning  'mu_bar_a2' is not defined                    no-undef
   84:28   warning  'mu_bar_a2' is not defined                    no-undef
   85:5    warning  'n_a2' is not defined                         no-undef
   85:25   warning  'N' is not defined                            no-undef
   86:25   warning  'k' is not defined                            no-undef
   87:9    warning  'SSb' is not defined                          no-undef
   87:16   warning  'n_a2' is not defined                         no-undef
   87:36   warning  'bar_mu' is not defined                       no-undef
   87:48   warning  'mu_bar_a2' is not defined                    no-undef
   89:29   warning  'n_a2' is not defined                         no-undef
   90:13   warning  'SSw' is not defined                          no-undef
   90:30   warning  'mu_a2' is not defined                        no-undef
   90:44   warning  'mu_bar_a2' is not defined                    no-undef
   91:31   warning  'mu_a2' is not defined                        no-undef
   91:45   warning  'bar_mu' is not defined                       no-undef
   94:9    warning  'S_mu' is not defined                         no-undef
   96:5    warning  'SSb' is not defined                          no-undef
   96:22   warning  'SSb' is not defined                          no-undef
   97:5    warning  'SSw' is not defined                          no-undef
   97:22   warning  'SSw' is not defined                          no-undef
   98:5    warning  'SSt' is not defined                          no-undef
   98:23   warning  'SSb' is not defined                          no-undef
   98:29   warning  'SSw' is not defined                          no-undef
   99:5    warning  'F_a2' is not defined                         no-undef
   99:24   warning  'SSb' is not defined                          no-undef
   99:31   warning  'k' is not defined                            no-undef
   99:41   warning  'SSw' is not defined                          no-undef
   99:48   warning  'N' is not defined                            no-undef
   99:52   warning  'k' is not defined                            no-undef
  102:29   warning  'mu_a2' is not defined                        no-undef
  103:22   warning  'mu_a2' is not defined                        no-undef
  105:9    warning  'a2_table_data1' is not defined               no-undef
  117:20   warning  'Display_Table' is not defined                no-undef
  117:42   warning  'a2_table_data1' is not defined               no-undef
  153:102  warning  'bar_mu' is not defined                       no-undef
  176:101  warning  'S_mu' is not defined                         no-undef
  197:10   warning  'verify_values' is not defined                no-undef
  197:55   warning  'bar_mu' is not defined                       no-undef
  206:10   warning  'verify_values' is not defined                no-undef
  206:55   warning  'bar_mu' is not defined                       no-undef
  215:10   warning  'verify_values' is not defined                no-undef
  215:55   warning  'bar_mu' is not defined                       no-undef
  224:10   warning  'verify_values' is not defined                no-undef
  224:55   warning  'bar_mu' is not defined                       no-undef
  233:10   warning  'verify_values' is not defined                no-undef
  233:55   warning  'bar_mu' is not defined                       no-undef
  250:10   warning  'verify_values' is not defined                no-undef
  250:55   warning  'S_mu' is not defined                         no-undef
  259:10   warning  'verify_values' is not defined                no-undef
  259:55   warning  'S_mu' is not defined                         no-undef
  268:10   warning  'verify_values' is not defined                no-undef
  268:55   warning  'S_mu' is not defined                         no-undef
  277:10   warning  'verify_values' is not defined                no-undef
  277:55   warning  'S_mu' is not defined                         no-undef
  286:10   warning  'verify_values' is not defined                no-undef
  286:55   warning  'S_mu' is not defined                         no-undef
  297:10   warning  'a2_verify_table2' is defined but never used  no-unused-vars
  298:17   warning  'bar_mu' is not defined                       no-undef
  299:17   warning  'S_mu' is not defined                         no-undef
  304:39   warning  'activity2_p1' is not defined                 no-undef

/home/runner/work/exp-one-way-anova-iitb/exp-one-way-anova-iitb/experiment/simulation/js/activity2_p1.js
    1:10  warning  'activity2_p1' is defined but never used      no-unused-vars
    4:19  warning  'get_collapse_btn_text' is not defined        no-undef
    5:5   warning  'maindiv' is not defined                      no-undef
   30:22  warning  'MathJax' is not defined                      no-undef
   31:5   warning  'hide_all_steps' is not defined               no-undef
   33:9   warning  'show_step' is not defined                    no-undef
   36:10  warning  'a2_verify_mu_bar' is defined but never used  no-unused-vars
   38:17  warning  'mu_bar_a2' is not defined                    no-undef
   39:10  warning  'verify_values' is not defined                no-undef
   39:47  warning  'mu_bar_a2' is not defined                    no-undef
   54:51  warning  'mu_bar_a2' is not defined                    no-undef
   73:22  warning  'MathJax' is not defined                      no-undef
   75:10  warning  'verify_ssb' is defined but never used        no-unused-vars
   77:17  warning  'SSb' is not defined                          no-undef
   78:10  warning  'verify_values' is not defined                no-undef
   78:47  warning  'SSb' is not defined                          no-undef
   93:77  warning  'SSb' is not defined                          no-undef
  112:22  warning  'MathJax' is not defined                      no-undef
  114:10  warning  'verify_ssw' is defined but never used        no-unused-vars
  116:17  warning  'SSw' is not defined                          no-undef
  117:10  warning  'verify_values' is not defined                no-undef
  117:47  warning  'SSw' is not defined                          no-undef
  132:96  warning  'SSw' is not defined                          no-undef
  150:22  warning  'MathJax' is not defined                      no-undef
  152:10  warning  'verify_N' is defined but never used          no-unused-vars
  154:17  warning  'N' is not defined                            no-undef
  155:10  warning  'verify_values' is not defined                no-undef
  155:47  warning  'N' is not defined                            no-undef
  170:34  warning  'N' is not defined                            no-undef
  190:22  warning  'MathJax' is not defined                      no-undef
  192:10  warning  'a2_verify_f' is defined but never used       no-unused-vars
  194:17  warning  'F_a2' is not defined                         no-undef
  195:10  warning  'verify_values' is not defined                no-undef
  195:47  warning  'F_a2' is not defined                         no-undef
  210:54  warning  'F_a2' is not defined                         no-undef
  217:22  warning  'MathJax' is not defined                      no-undef

/home/runner/work/exp-one-way-anova-iitb/exp-one-way-anova-iitb/experiment/simulation/js/activity2_p2.js
    1:10  warning  'activity2_p2' is defined but never used       no-unused-vars
    4:5   warning  'F_alpha_a2' is not defined                    no-undef
    5:5   warning  'F_alpha_a2' is not defined                    no-undef
    6:19  warning  'get_collapse_btn_text' is not defined         no-undef
    7:5   warning  'maindiv' is not defined                       no-undef
   16:16  warning  Unnecessary escape character: \α               no-useless-escape
   16:23  warning  'alpha' is not defined                         no-undef
   32:22  warning  'MathJax' is not defined                       no-undef
   56:19  warning  'Display_Table' is not defined                 no-undef
   56:41  warning  'f_table_data' is not defined                  no-undef
   58:5   warning  'hide_all_steps' is not defined                no-undef
   60:9   warning  'show_step' is not defined                     no-undef
   63:10  warning  'a2_verify_f_alpha' is defined but never used  no-unused-vars
   65:17  warning  'F_alpha_a2' is not defined                    no-undef
   66:10  warning  'verify_values' is not defined                 no-undef
   66:47  warning  'F_alpha_a2' is not defined                    no-undef
   81:16  warning  Unnecessary escape character: \α               no-useless-escape
   81:23  warning  'alpha' is not defined                         no-undef
   84:40  warning  'F_alpha_a2' is not defined                    no-undef
   90:22  warning  'MathJax' is not defined                       no-undef
   93:13  warning  'N' is not defined                             no-undef
   93:17  warning  'k' is not defined                             no-undef
  102:16  warning  'f_table_pt_05' is not defined                 no-undef
  102:37  warning  'df1' is not defined                           no-undef
  107:24  warning  'f_table_pt_05' is not defined                 no-undef
  107:42  warning  'df1' is not defined                           no-undef
  109:24  warning  'f_table_pt_05' is not defined                 no-undef
  109:42  warning  'df1' is not defined                           no-undef
  111:24  warning  'f_table_pt_05' is not defined                 no-undef
  111:42  warning  'df1' is not defined                           no-undef
  119:14  warning  'f_table_pt_05' is not defined                 no-undef
  119:32  warning  'df1' is not defined                           no-undef
  120:14  warning  'f_table_pt_05' is not defined                 no-undef
  120:32  warning  'df1' is not defined                           no-undef
  125:14  warning  'f_table_pt_05' is not defined                 no-undef
  125:32  warning  'df1' is not defined                           no-undef
  126:14  warning  'f_table_pt_05' is not defined                 no-undef
  126:32  warning  'df1' is not defined                           no-undef
  131:14  warning  'f_table_pt_05' is not defined                 no-undef
  131:32  warning  'df1' is not defined                           no-undef
  132:14  warning  'f_table_pt_05' is not defined                 no-undef
  132:32  warning  'df1' is not defined                           no-undef

/home/runner/work/exp-one-way-anova-iitb/exp-one-way-anova-iitb/experiment/simulation/js/activity2_p3.js
   1:10  warning  'activity2_p3' is defined but never used     no-unused-vars
   4:19  warning  'get_collapse_btn_text' is not defined       no-undef
   5:5   warning  'maindiv' is not defined                     no-undef
  10:22  warning  'F_a2' is not defined                        no-undef
  13:40  warning  'F_alpha_a2' is not defined                  no-undef
  40:22  warning  'MathJax' is not defined                     no-undef
  41:5   warning  'hide_all_steps' is not defined              no-undef
  43:9   warning  'show_step' is not defined                   no-undef
  48:9   warning  'F_a2' is not defined                        no-undef
  48:16  warning  'F_alpha_a2' is not defined                  no-undef
  49:9   warning  'hypo_test_reject_op_a2' is not defined      no-undef
  52:9   warning  'hypo_test_reject_op_a2' is not defined      no-undef
  55:10  warning  'a2_vf_null_hypo' is defined but never used  no-unused-vars
  59:9   warning  'hypo_test_reject_op_a2' is not defined      no-undef
  62:14  warning  'hypo_test_reject_op_a2' is not defined      no-undef
  65:25  warning  'hypo_test_reject_op_a2' is not defined      no-undef

/home/runner/work/exp-one-way-anova-iitb/exp-one-way-anova-iitb/experiment/simulation/js/activity2_p4.js
   1:10   warning  'activity2_p4' is defined but never used         no-unused-vars
   4:19   warning  'get_collapse_btn_text' is not defined           no-undef
   5:5    warning  'maindiv' is not defined                         no-undef
  20:45   warning  'SSb' is not defined                             no-undef
  21:34   warning  'k' is not defined                               no-undef
  22:71   warning  'SSb' is not defined                             no-undef
  23:10   warning  'k' is not defined                               no-undef
  27:45   warning  'SSw' is not defined                             no-undef
  28:34   warning  'N' is not defined                               no-undef
  28:38   warning  'k' is not defined                               no-undef
  29:71   warning  'SSw' is not defined                             no-undef
  30:10   warning  'N' is not defined                               no-undef
  30:14   warning  'k' is not defined                               no-undef
  34:45   warning  'SSt' is not defined                             no-undef
  35:34   warning  'N' is not defined                               no-undef
  57:22   warning  'MathJax' is not defined                         no-undef
  58:5    warning  'hide_all_steps' is not defined                  no-undef
  60:9    warning  'show_step' is not defined                       no-undef
  63:10   warning  'a2_verify_sst_alpha' is defined but never used  no-unused-vars
  65:17   warning  'SSt' is not defined                             no-undef
  66:10   warning  'verify_values' is not defined                   no-undef
  66:47   warning  'SSt' is not defined                             no-undef
  80:100  warning  'SSt' is not defined                             no-undef
  86:22   warning  'MathJax' is not defined                         no-undef
  88:10   warning  'exp_completed' is defined but never used        no-unused-vars

/home/runner/work/exp-one-way-anova-iitb/exp-one-way-anova-iitb/experiment/simulation/js/chi_sq_dist_table.js
  1:5  warning  'chi_sq_dist_table' is assigned a value but never used  no-unused-vars

/home/runner/work/exp-one-way-anova-iitb/exp-one-way-anova-iitb/experiment/simulation/js/data.js
   17:5   warning  'f_table_data' is assigned a value but never used            no-unused-vars
   17:20  warning  'f_table_pt_05' is not defined                               no-undef
   29:5   warning  'alpha' is assigned a value but never used                   no-unused-vars
   34:5   warning  'mu1' is assigned a value but never used                     no-unused-vars
   38:5   warning  'mu2' is assigned a value but never used                     no-unused-vars
   42:5   warning  'mu3' is assigned a value but never used                     no-unused-vars
   46:5   warning  'mu4' is assigned a value but never used                     no-unused-vars
   50:5   warning  'mu5' is assigned a value but never used                     no-unused-vars
   55:5   warning  'mu1_bar' is assigned a value but never used                 no-unused-vars
   56:5   warning  'mu2_bar' is assigned a value but never used                 no-unused-vars
   57:5   warning  'mu3_bar' is assigned a value but never used                 no-unused-vars
   58:5   warning  'mu4_bar' is assigned a value but never used                 no-unused-vars
   59:5   warning  'mu5_bar' is assigned a value but never used                 no-unused-vars
   61:5   warning  'mu_bar' is defined but never used                           no-unused-vars
   62:5   warning  'S1_sq' is assigned a value but never used                   no-unused-vars
   63:5   warning  'S2_sq' is assigned a value but never used                   no-unused-vars
   64:5   warning  'S3_sq' is assigned a value but never used                   no-unused-vars
   65:5   warning  'S4_sq' is assigned a value but never used                   no-unused-vars
   66:5   warning  'S5_sq' is assigned a value but never used                   no-unused-vars
   67:5   warning  'Se_sq' is assigned a value but never used                   no-unused-vars
   68:5   warning  'Sy_sq' is assigned a value but never used                   no-unused-vars
   69:5   warning  'n_Sy_sq' is assigned a value but never used                 no-unused-vars
   70:5   warning  'F' is assigned a value but never used                       no-unused-vars
   71:5   warning  'F_alpha' is assigned a value but never used                 no-unused-vars
   72:5   warning  'df1' is assigned a value but never used                     no-unused-vars
   73:5   warning  'df2' is assigned a value but never used                     no-unused-vars
   74:5   warning  'sum_mu1_mu1_bar_sq' is assigned a value but never used      no-unused-vars
   75:5   warning  'sum_mu2_mu2_bar_sq' is assigned a value but never used      no-unused-vars
   76:5   warning  'sum_mu3_mu3_bar_sq' is assigned a value but never used      no-unused-vars
   77:5   warning  'sum_mu4_mu4_bar_sq' is assigned a value but never used      no-unused-vars
   78:5   warning  'sum_mu5_mu5_bar_sq' is assigned a value but never used      no-unused-vars
   79:5   warning  'act1_table_data' is assigned a value but never used         no-unused-vars
   96:5   warning  'act1_table_data2' is assigned a value but never used        no-unused-vars
   97:5   warning  'hypo_test_reject_op_a1' is assigned a value but never used  no-unused-vars
  100:5   warning  'n_a2' is assigned a value but never used                    no-unused-vars
  101:5   warning  'N' is assigned a value but never used                       no-unused-vars
  102:5   warning  'SSb' is assigned a value but never used                     no-unused-vars
  103:5   warning  'SSw' is assigned a value but never used                     no-unused-vars
  104:5   warning  'SSt' is assigned a value but never used                     no-unused-vars
  106:5   warning  'mu_a2' is assigned a value but never used                   no-unused-vars
  126:5   warning  'sum_mu' is assigned a value but never used                  no-unused-vars
  128:5   warning  'bar_mu' is assigned a value but never used                  no-unused-vars
  130:5   warning  'S_mu' is assigned a value but never used                    no-unused-vars
  133:5   warning  'mu_bar_a2' is assigned a value but never used               no-unused-vars
  134:5   warning  'F_a2' is assigned a value but never used                    no-unused-vars
  135:5   warning  'F_alpha_a2' is assigned a value but never used              no-unused-vars
  136:5   warning  'a2_table_data1' is assigned a value but never used          no-unused-vars
  153:5   warning  'hypo_test_reject_op_a2' is assigned a value but never used  no-unused-vars

/home/runner/work/exp-one-way-anova-iitb/exp-one-way-anova-iitb/experiment/simulation/js/f_table.js
  3:5  warning  'f_table_pt_05' is assigned a value but never used  no-unused-vars

/home/runner/work/exp-one-way-anova-iitb/exp-one-way-anova-iitb/experiment/simulation/js/z-table.js
  1:5  warning  'z_table' is assigned a value but never used  no-unused-vars

✖ 597 problems (0 errors, 597 warnings)

